#
# A fatal error has been detected by the Java Runtime Environment:
#
#  EXCEPTION_ACCESS_VIOLATION (0xc0000005) at pc=0x0000000010327c29, pid=6716, tid=7636
#
# JRE version: 7.0_11-b21
# Java VM: Java HotSpot(TM) 64-Bit Server VM (23.6-b04 mixed mode windows-amd64 compressed oops)
# Problematic frame:
# C  [ig4icd64.dll+0x1b7c29]
#
# Failed to write core dump. Minidumps are not enabled by default on client versions of Windows
#
# If you would like to submit a bug report, please visit:
#   http://bugreport.sun.com/bugreport/crash.jsp
# The crash happened outside the Java Virtual Machine in native code.
# See problematic frame for where to report the bug.
#

---------------  T H R E A D  ---------------

Current thread (0x000000000eb29000):  JavaThread "LWJGL Renderer Thread" [_thread_in_native, id=7636, stack(0x000000000fe20000,0x000000000ff20000)]

siginfo: ExceptionCode=0xc0000005, reading address 0x0000000016372000

Registers:
RAX=0x0000000000002da8, RBX=0x00000000114ccd90, RCX=0x0000000016371ff8, RDX=0x0000000000000000
RSP=0x000000000ff1e9d0, RBP=0x0000000000000006, RSI=0x00000000000003ce, RDI=0x00000000160c5010
R8 =0x0000000000000002, R9 =0x0000000000000000, R10=0x0000000000000002, R11=0x000000001636f250
R12=0x00000000000003ce, R13=0x0000000011434070, R14=0x0000000000000018, R15=0x00000000160c5010
RIP=0x0000000010327c29, EFLAGS=0x0000000000010246

Top of Stack: (sp=0x000000000ff1e9d0)
0x000000000ff1e9d0:   00000000126af270 00000000114c0080
0x000000000ff1e9e0:   0000000000000000 0000000000000000
0x000000000ff1e9f0:   0000000000000002 0000000000000002
0x000000000ff1ea00:   000000003f76d2da 0000000000000018
0x000000000ff1ea10:   000000003f800000 0000000000000000
0x000000000ff1ea20:   000000003f800000 0000000000000000
0x000000000ff1ea30:   0000000000000000 00000000160c4960
0x000000000ff1ea40:   00000000000003ce 0000000000000000
0x000000000ff1ea50:   00000000160c5010 0000000000000000
0x000000000ff1ea60:   00000000114c0080 000000001032a12f
0x000000000ff1ea70:   00000000114c0080 00000000000003e0
0x000000000ff1ea80:   00000000000003ce 00000000160c5040
0x000000000ff1ea90:   00000000160c5010 0000000000000001
0x000000000ff1eaa0:   0000000000000000 0000000000000000
0x000000000ff1eab0:   0000000000000000 0000000000080038
0x000000000ff1eac0:   00000000126f5d80 00000000000003e0 

Instructions: (pc=0x0000000010327c29)
0x0000000010327c09:   83 ea 01 74 2b 83 ea 01 74 1e 83 ea 01 74 11 83
0x0000000010327c19:   fa 01 0f 85 59 02 00 00 8b 41 0c 41 89 44 ed 0c
0x0000000010327c29:   8b 41 08 41 89 44 ed 08 8b 41 04 41 89 44 ed 04
0x0000000010327c39:   8b 01 4c 8b 54 24 20 48 8b 9c 24 a0 00 00 00 4c 


Register to memory mapping:

RAX=0x0000000000002da8 is an unknown value
RBX=0x00000000114ccd90 is an unknown value
RCX=0x0000000016371ff8 is an unknown value
RDX=0x0000000000000000 is an unknown value
RSP=0x000000000ff1e9d0 is pointing into the stack for thread: 0x000000000eb29000
RBP=0x0000000000000006 is an unknown value
RSI=0x00000000000003ce is an unknown value
RDI=0x00000000160c5010 is an unknown value
R8 =0x0000000000000002 is an unknown value
R9 =0x0000000000000000 is an unknown value
R10=0x0000000000000002 is an unknown value
R11=0x000000001636f250 is an unknown value
R12=0x00000000000003ce is an unknown value
R13=0x0000000011434070 is an unknown value
R14=0x0000000000000018 is an unknown value
R15=0x00000000160c5010 is an unknown value


Stack: [0x000000000fe20000,0x000000000ff20000],  sp=0x000000000ff1e9d0,  free space=1018k
Native frames: (J=compiled Java code, j=interpreted, Vv=VM code, C=native code)
C  [ig4icd64.dll+0x1b7c29]

Java frames: (J=compiled Java code, j=interpreted, Vv=VM code)
J  org.lwjgl.opengl.GL12.nglDrawRangeElementsBO(IIIIIJJ)V
J  com.jme3.renderer.lwjgl.LwjglRenderer.drawTriangleList(Lcom/jme3/scene/VertexBuffer;Lcom/jme3/scene/Mesh;I)V
J  com.jme3.renderer.lwjgl.LwjglRenderer.renderMeshDefault(Lcom/jme3/scene/Mesh;II)V
J  com.jme3.material.Material.renderMultipassLighting(Lcom/jme3/shader/Shader;Lcom/jme3/scene/Geometry;Lcom/jme3/renderer/RenderManager;)V
J  com.jme3.material.Material.render(Lcom/jme3/scene/Geometry;Lcom/jme3/renderer/RenderManager;)V
J  com.jme3.renderer.queue.RenderQueue.renderGeometryList(Lcom/jme3/renderer/queue/GeometryList;Lcom/jme3/renderer/RenderManager;Lcom/jme3/renderer/Camera;Z)V
J  com.jme3.renderer.RenderManager.renderViewPortQueues(Lcom/jme3/renderer/ViewPort;Z)V
J  com.jme3.renderer.RenderManager.renderViewPort(Lcom/jme3/renderer/ViewPort;F)V
J  com.jme3.renderer.RenderManager.render(FZ)V
j  com.jme3.app.SimpleApplication.update()V+102
j  com.jme3.system.lwjgl.LwjglAbstractDisplay.runLoop()V+22
j  com.jme3.system.lwjgl.LwjglDisplay.runLoop()V+67
j  com.jme3.system.lwjgl.LwjglAbstractDisplay.run()V+132
j  java.lang.Thread.run()V+11
v  ~StubRoutines::call_stub

---------------  P R O C E S S  ---------------

Java Threads: ( => current thread )
  0x000000000f0ef800 JavaThread "jME Terrain Thread" daemon [_thread_blocked, id=4248, stack(0x0000000017a20000,0x0000000017b20000)]
  0x000000000e947800 JavaThread "jME3 Audio Thread" daemon [_thread_blocked, id=8172, stack(0x0000000013440000,0x0000000013540000)]
  0x000000000036d800 JavaThread "DestroyJavaVM" [_thread_blocked, id=6600, stack(0x00000000021d0000,0x00000000022d0000)]
=>0x000000000eb29000 JavaThread "LWJGL Renderer Thread" [_thread_in_native, id=7636, stack(0x000000000fe20000,0x000000000ff20000)]
  0x000000000eb43800 JavaThread "TimerQueue" daemon [_thread_blocked, id=7588, stack(0x000000000f180000,0x000000000f280000)]
  0x000000000d20f800 JavaThread "AWT-Windows" daemon [_thread_in_native, id=6024, stack(0x000000000d450000,0x000000000d550000)]
  0x000000000d166800 JavaThread "Java2D Disposer" daemon [_thread_blocked, id=8044, stack(0x000000000ccd0000,0x000000000cdd0000)]
  0x000000000b583800 JavaThread "Service Thread" daemon [_thread_blocked, id=972, stack(0x000000000cde0000,0x000000000cee0000)]
  0x000000000b582800 JavaThread "C2 CompilerThread1" daemon [_thread_blocked, id=7884, stack(0x000000000cba0000,0x000000000cca0000)]
  0x000000000b56a800 JavaThread "C2 CompilerThread0" daemon [_thread_blocked, id=1596, stack(0x000000000ca20000,0x000000000cb20000)]
  0x000000000b569800 JavaThread "Attach Listener" daemon [_thread_blocked, id=6964, stack(0x000000000c8e0000,0x000000000c9e0000)]
  0x000000000b562000 JavaThread "Signal Dispatcher" daemon [_thread_blocked, id=1908, stack(0x0000000001d40000,0x0000000001e40000)]
  0x0000000001f68000 JavaThread "Finalizer" daemon [_thread_blocked, id=5628, stack(0x000000000c7e0000,0x000000000c8e0000)]
  0x0000000001f60000 JavaThread "Reference Handler" daemon [_thread_blocked, id=3108, stack(0x000000000c680000,0x000000000c780000)]

Other Threads:
  0x000000000b4e2800 VMThread [stack: 0x000000000c4f0000,0x000000000c5f0000] [id=6796]
  0x000000000b59c000 WatcherThread [stack: 0x000000000cf40000,0x000000000d040000] [id=5152]

VM state:not at safepoint (normal execution)

VM Mutex/Monitor currently owned by a thread: None

Heap
 PSYoungGen      total 29824K, used 1867K [0x00000007d6600000, 0x00000007d8b60000, 0x0000000800000000)
  eden space 23424K, 4% used [0x00000007d6600000,0x00000007d66eadf0,0x00000007d7ce0000)
  from space 6400K, 14% used [0x00000007d8520000,0x00000007d8608000,0x00000007d8b60000)
  to   space 7424K, 0% used [0x00000007d7ce0000,0x00000007d7ce0000,0x00000007d8420000)
 ParOldGen       total 85248K, used 9345K [0x0000000783200000, 0x0000000788540000, 0x00000007d6600000)
  object space 85248K, 10% used [0x0000000783200000,0x0000000783b20710,0x0000000788540000)
 PSPermGen       total 21248K, used 19258K [0x000000077e000000, 0x000000077f4c0000, 0x0000000783200000)
  object space 21248K, 90% used [0x000000077e000000,0x000000077f2cea38,0x000000077f4c0000)

Card table byte_map: [0x00000000052d0000,0x00000000056f0000] byte_map_base: 0x00000000016e0000

Polling page: 0x0000000000320000

Code Cache  [0x00000000022d0000, 0x0000000002540000, 0x00000000052d0000)
 total_blobs=1294 nmethods=693 adapters=552 free_code_cache=46960Kb largest_free_block=48039040

Compilation events (10 events):
Event: 29.093 Thread 0x000000000b582800  702             com.bulletphysics.collision.dispatch.CollisionObject::setActivationState (22 bytes)
Event: 29.094 Thread 0x000000000b582800 nmethod 702 0x00000000024f5090 code [0x00000000024f51c0, 0x00000000024f5238]
Event: 29.127 Thread 0x000000000b56a800  703             com.jme3.math.Quaternion::mult (175 bytes)
Event: 29.128 Thread 0x000000000b56a800 nmethod 703 0x00000000024f4990 code [0x00000000024f4ae0, 0x00000000024f4c78]
Event: 29.192 Thread 0x000000000b582800  704             org.lwjgl.MemoryUtil::getAddress0 (10 bytes)
Event: 29.192 Thread 0x000000000b582800 nmethod 704 0x00000000024f4750 code [0x00000000024f4880, 0x00000000024f48f8]
Event: 29.193 Thread 0x000000000b582800  705             org.lwjgl.MemoryUtilSun$AccessorUnsafe::getAddress (13 bytes)
Event: 29.193 Thread 0x000000000b582800 nmethod 705 0x00000000024f4510 code [0x00000000024f4640, 0x00000000024f46b8]
Event: 29.542 Thread 0x000000000b582800  706             com.jme3.scene.Spatial::updateGeometricState (61 bytes)
Event: 29.569 Thread 0x000000000b582800 nmethod 706 0x00000000024fbfd0 code [0x00000000024fc2c0, 0x00000000024fdaa0]

GC Heap History (10 events):
Event: 22.360 GC heap before
{Heap before GC invocations=14 (full 0):
 PSYoungGen      total 26112K, used 26080K [0x00000007d6600000, 0x00000007d9240000, 0x0000000800000000)
  eden space 25984K, 100% used [0x00000007d6600000,0x00000007d7f60000,0x00000007d7f60000)
  from space 128K, 75% used [0x00000007d7ff0000,0x00000007d8008000,0x00000007d8010000)
  to   space 9664K, 0% used [0x00000007d88d0000,0x00000007d88d0000,0x00000007d9240000)
 ParOldGen       total 85248K, used 9249K [0x0000000783200000, 0x0000000788540000, 0x00000007d6600000)
  object space 85248K, 10% used [0x0000000783200000,0x0000000783b08710,0x0000000788540000)
 PSPermGen       total 21248K, used 19226K [0x000000077e000000, 0x000000077f4c0000, 0x0000000783200000)
  object space 21248K, 90% used [0x000000077e000000,0x000000077f2c6a98,0x000000077f4c0000)
Event: 22.362 GC heap after
Heap after GC invocations=14 (full 0):
 PSYoungGen      total 33728K, used 96K [0x00000007d6600000, 0x00000007d90f0000, 0x0000000800000000)
  eden space 25408K, 0% used [0x00000007d6600000,0x00000007d6600000,0x00000007d7ed0000)
  from space 8320K, 1% used [0x00000007d88d0000,0x00000007d88e8000,0x00000007d90f0000)
  to   space 9280K, 0% used [0x00000007d7ed0000,0x00000007d7ed0000,0x00000007d87e0000)
 ParOldGen       total 85248K, used 9257K [0x0000000783200000, 0x0000000788540000, 0x00000007d6600000)
  object space 85248K, 10% used [0x0000000783200000,0x0000000783b0a710,0x0000000788540000)
 PSPermGen       total 21248K, used 19226K [0x000000077e000000, 0x000000077f4c0000, 0x0000000783200000)
  object space 21248K, 90% used [0x000000077e000000,0x000000077f2c6a98,0x000000077f4c0000)
}
Event: 23.663 GC heap before
{Heap before GC invocations=15 (full 0):
 PSYoungGen      total 33728K, used 25504K [0x00000007d6600000, 0x00000007d90f0000, 0x0000000800000000)
  eden space 25408K, 100% used [0x00000007d6600000,0x00000007d7ed0000,0x00000007d7ed0000)
  from space 8320K, 1% used [0x00000007d88d0000,0x00000007d88e8000,0x00000007d90f0000)
  to   space 9280K, 0% used [0x00000007d7ed0000,0x00000007d7ed0000,0x00000007d87e0000)
 ParOldGen       total 85248K, used 9257K [0x0000000783200000, 0x0000000788540000, 0x00000007d6600000)
  object space 85248K, 10% used [0x0000000783200000,0x0000000783b0a710,0x0000000788540000)
 PSPermGen       total 21248K, used 19237K [0x000000077e000000, 0x000000077f4c0000, 0x0000000783200000)
  object space 21248K, 90% used [0x000000077e000000,0x000000077f2c9730,0x000000077f4c0000)
Event: 23.664 GC heap after
Heap after GC invocations=15 (full 0):
 PSYoungGen      total 25024K, used 96K [0x00000007d6600000, 0x00000007d8f90000, 0x0000000800000000)
  eden space 24896K, 0% used [0x00000007d6600000,0x00000007d6600000,0x00000007d7e50000)
  from space 128K, 75% used [0x00000007d7ed0000,0x00000007d7ee8000,0x00000007d7ef0000)
  to   space 8832K, 0% used [0x00000007d86f0000,0x00000007d86f0000,0x00000007d8f90000)
 ParOldGen       total 85248K, used 9297K [0x0000000783200000, 0x0000000788540000, 0x00000007d6600000)
  object space 85248K, 10% used [0x0000000783200000,0x0000000783b14710,0x0000000788540000)
 PSPermGen       total 21248K, used 19237K [0x000000077e000000, 0x000000077f4c0000, 0x0000000783200000)
  object space 21248K, 90% used [0x000000077e000000,0x000000077f2c9730,0x000000077f4c0000)
}
Event: 24.945 GC heap before
{Heap before GC invocations=16 (full 0):
 PSYoungGen      total 25024K, used 24992K [0x00000007d6600000, 0x00000007d8f90000, 0x0000000800000000)
  eden space 24896K, 100% used [0x00000007d6600000,0x00000007d7e50000,0x00000007d7e50000)
  from space 128K, 75% used [0x00000007d7ed0000,0x00000007d7ee8000,0x00000007d7ef0000)
  to   space 8832K, 0% used [0x00000007d86f0000,0x00000007d86f0000,0x00000007d8f90000)
 ParOldGen       total 85248K, used 9297K [0x0000000783200000, 0x0000000788540000, 0x00000007d6600000)
  object space 85248K, 10% used [0x0000000783200000,0x0000000783b14710,0x0000000788540000)
 PSPermGen       total 21248K, used 19238K [0x000000077e000000, 0x000000077f4c0000, 0x0000000783200000)
  object space 21248K, 90% used [0x000000077e000000,0x000000077f2c9bd8,0x000000077f4c0000)
Event: 24.946 GC heap after
Heap after GC invocations=16 (full 0):
 PSYoungGen      total 31936K, used 32K [0x00000007d6600000, 0x00000007d8e50000, 0x0000000800000000)
  eden space 24384K, 0% used [0x00000007d6600000,0x00000007d6600000,0x00000007d7dd0000)
  from space 7552K, 0% used [0x00000007d86f0000,0x00000007d86f8000,0x00000007d8e50000)
  to   space 8448K, 0% used [0x00000007d7dd0000,0x00000007d7dd0000,0x00000007d8610000)
 ParOldGen       total 85248K, used 9329K [0x0000000783200000, 0x0000000788540000, 0x00000007d6600000)
  object space 85248K, 10% used [0x0000000783200000,0x0000000783b1c710,0x0000000788540000)
 PSPermGen       total 21248K, used 19238K [0x000000077e000000, 0x000000077f4c0000, 0x0000000783200000)
  object space 21248K, 90% used [0x000000077e000000,0x000000077f2c9bd8,0x000000077f4c0000)
}
Event: 26.274 GC heap before
{Heap before GC invocations=17 (full 0):
 PSYoungGen      total 31936K, used 24416K [0x00000007d6600000, 0x00000007d8e50000, 0x0000000800000000)
  eden space 24384K, 100% used [0x00000007d6600000,0x00000007d7dd0000,0x00000007d7dd0000)
  from space 7552K, 0% used [0x00000007d86f0000,0x00000007d86f8000,0x00000007d8e50000)
  to   space 8448K, 0% used [0x00000007d7dd0000,0x00000007d7dd0000,0x00000007d8610000)
 ParOldGen       total 85248K, used 9329K [0x0000000783200000, 0x0000000788540000, 0x00000007d6600000)
  object space 85248K, 10% used [0x0000000783200000,0x0000000783b1c710,0x0000000788540000)
 PSPermGen       total 21248K, used 19243K [0x000000077e000000, 0x000000077f4c0000, 0x0000000783200000)
  object space 21248K, 90% used [0x000000077e000000,0x000000077f2caea8,0x000000077f4c0000)
Event: 26.275 GC heap after
Heap after GC invocations=17 (full 0):
 PSYoungGen      total 23936K, used 32K [0x00000007d6600000, 0x00000007d8cf0000, 0x0000000800000000)
  eden space 23872K, 0% used [0x00000007d6600000,0x00000007d6600000,0x00000007d7d50000)
  from space 64K, 50% used [0x00000007d7dd0000,0x00000007d7dd8000,0x00000007d7de0000)
  to   space 8000K, 0% used [0x00000007d8520000,0x00000007d8520000,0x00000007d8cf0000)
 ParOldGen       total 85248K, used 9337K [0x0000000783200000, 0x0000000788540000, 0x00000007d6600000)
  object space 85248K, 10% used [0x0000000783200000,0x0000000783b1e710,0x0000000788540000)
 PSPermGen       total 21248K, used 19243K [0x000000077e000000, 0x000000077f4c0000, 0x0000000783200000)
  object space 21248K, 90% used [0x000000077e000000,0x000000077f2caea8,0x000000077f4c0000)
}
Event: 29.366 GC heap before
{Heap before GC invocations=18 (full 0):
 PSYoungGen      total 23936K, used 23904K [0x00000007d6600000, 0x00000007d8cf0000, 0x0000000800000000)
  eden space 23872K, 100% used [0x00000007d6600000,0x00000007d7d50000,0x00000007d7d50000)
  from space 64K, 50% used [0x00000007d7dd0000,0x00000007d7dd8000,0x00000007d7de0000)
  to   space 8000K, 0% used [0x00000007d8520000,0x00000007d8520000,0x00000007d8cf0000)
 ParOldGen       total 85248K, used 9337K [0x0000000783200000, 0x0000000788540000, 0x00000007d6600000)
  object space 85248K, 10% used [0x0000000783200000,0x0000000783b1e710,0x0000000788540000)
 PSPermGen       total 21248K, used 19257K [0x000000077e000000, 0x000000077f4c0000, 0x0000000783200000)
  object space 21248K, 90% used [0x000000077e000000,0x000000077f2ce7e8,0x000000077f4c0000)
Event: 29.368 GC heap after
Heap after GC invocations=18 (full 0):
 PSYoungGen      total 29824K, used 928K [0x00000007d6600000, 0x00000007d8b60000, 0x0000000800000000)
  eden space 23424K, 0% used [0x00000007d6600000,0x00000007d6600000,0x00000007d7ce0000)
  from space 6400K, 14% used [0x00000007d8520000,0x00000007d8608000,0x00000007d8b60000)
  to   space 7424K, 0% used [0x00000007d7ce0000,0x00000007d7ce0000,0x00000007d8420000)
 ParOldGen       total 85248K, used 9345K [0x0000000783200000, 0x0000000788540000, 0x00000007d6600000)
  object space 85248K, 10% used [0x0000000783200000,0x0000000783b20710,0x0000000788540000)
 PSPermGen       total 21248K, used 19257K [0x000000077e000000, 0x000000077f4c0000, 0x0000000783200000)
  object space 21248K, 90% used [0x000000077e000000,0x000000077f2ce7e8,0x000000077f4c0000)
}

Deoptimization events (10 events):
Event: 8.482 Thread 0x000000000eb29000 Uncommon trap -34 fr.pc 0x0000000002458bd4
Event: 8.599 Thread 0x000000000eb29000 Uncommon trap -34 fr.pc 0x0000000002458bd4
Event: 8.599 Thread 0x000000000eb29000 Uncommon trap -34 fr.pc 0x0000000002458bd4
Event: 9.390 Thread 0x000000000e947800 Uncommon trap -12 fr.pc 0x00000000024682f8
Event: 13.583 Thread 0x000000000eb29000 Uncommon trap -58 fr.pc 0x000000000246a15c
Event: 13.583 Thread 0x000000000eb29000 Uncommon trap -58 fr.pc 0x000000000246a15c
Event: 13.583 Thread 0x000000000eb29000 Uncommon trap -58 fr.pc 0x000000000246a15c
Event: 13.583 Thread 0x000000000eb29000 Uncommon trap -58 fr.pc 0x000000000246a15c
Event: 28.713 Thread 0x000000000eb29000 Uncommon trap -34 fr.pc 0x00000000023b0d10
Event: 28.719 Thread 0x000000000eb29000 Uncommon trap -34 fr.pc 0x00000000023b0d10

Internal exceptions (10 events):
Event: 3.266 Thread 0x000000000eb29000 Threw 0x00000007d7059280 at C:\jdk7u1_64p\jdk7u11\hotspot\src\share\vm\prims\jvm.cpp:1166
Event: 3.268 Thread 0x000000000eb29000 Threw 0x00000007d7063020 at C:\jdk7u1_64p\jdk7u11\hotspot\src\share\vm\prims\jvm.cpp:1166
Event: 3.365 Thread 0x000000000eb29000 Threw 0x00000007d7235f58 at C:\jdk7u1_64p\jdk7u11\hotspot\src\share\vm\prims\jvm.cpp:1166
Event: 3.899 Thread 0x000000000eb29000 Threw 0x00000007d7b9bd50 at C:\jdk7u1_64p\jdk7u11\hotspot\src\share\vm\prims\jvm.cpp:1166
Event: 6.133 Thread 0x000000000eb29000 Threw 0x00000007d678e870 at C:\jdk7u1_64p\jdk7u11\hotspot\src\share\vm\prims\jvm.cpp:1166
Event: 6.284 Thread 0x000000000eb29000 Threw 0x00000007d6b3a548 at C:\jdk7u1_64p\jdk7u11\hotspot\src\share\vm\prims\jvm.cpp:1166
Event: 6.285 Thread 0x000000000eb29000 Implicit null exception at 0x00000000023c82c0 to 0x00000000023c8453
Event: 6.285 Thread 0x000000000eb29000 Implicit null exception at 0x00000000023eccfc to 0x00000000023ecd9a
Event: 6.288 Thread 0x000000000eb29000 Implicit null exception at 0x00000000023ccf14 to 0x00000000023cd061
Event: 6.354 Thread 0x000000000eb29000 Threw 0x00000007d6c1caa8 at C:\jdk7u1_64p\jdk7u11\hotspot\src\share\vm\prims\jvm.cpp:1166

Events (10 events):
Event: 24.945 Executing VM operation: ParallelGCFailedAllocation
Event: 24.946 Executing VM operation: ParallelGCFailedAllocation done
Event: 26.274 Executing VM operation: ParallelGCFailedAllocation
Event: 26.275 Executing VM operation: ParallelGCFailedAllocation done
Event: 28.713 Thread 0x000000000eb29000 DEOPT PACKING pc=0x00000000023b0d10 sp=0x000000000ff1f100
Event: 28.713 Thread 0x000000000eb29000 DEOPT UNPACKING pc=0x0000000002309164 sp=0x000000000ff1f0a0 mode 2
Event: 28.719 Thread 0x000000000eb29000 DEOPT PACKING pc=0x00000000023b0d10 sp=0x000000000ff1f100
Event: 28.719 Thread 0x000000000eb29000 DEOPT UNPACKING pc=0x0000000002309164 sp=0x000000000ff1f0a0 mode 2
Event: 29.366 Executing VM operation: ParallelGCFailedAllocation
Event: 29.368 Executing VM operation: ParallelGCFailedAllocation done


Dynamic libraries:
0x000000013fa90000 - 0x000000013fac3000 	C:\Program Files\jmonkeyplatform\jdk\bin\java.exe
0x0000000077170000 - 0x0000000077319000 	C:\Windows\SYSTEM32\ntdll.dll
0x0000000077050000 - 0x000000007716f000 	C:\Windows\system32\kernel32.dll
0x000007fefd010000 - 0x000007fefd07b000 	C:\Windows\system32\KERNELBASE.dll
0x000007fefe080000 - 0x000007fefe15b000 	C:\Windows\system32\ADVAPI32.dll
0x000007fefdce0000 - 0x000007fefdd7f000 	C:\Windows\system32\msvcrt.dll
0x000007feff280000 - 0x000007feff29f000 	C:\Windows\SYSTEM32\sechost.dll
0x000007fefe1d0000 - 0x000007fefe2fd000 	C:\Windows\system32\RPCRT4.dll
0x0000000076f50000 - 0x000000007704a000 	C:\Windows\system32\USER32.dll
0x000007fefe160000 - 0x000007fefe1c7000 	C:\Windows\system32\GDI32.dll
0x000007fefe300000 - 0x000007fefe30e000 	C:\Windows\system32\LPK.dll
0x000007fefdd80000 - 0x000007fefde49000 	C:\Windows\system32\USP10.dll
0x000007fefb7d0000 - 0x000007fefb9c4000 	C:\Windows\WinSxS\amd64_microsoft.windows.common-controls_6595b64144ccf1df_6.0.7601.17514_none_fa396087175ac9ac\COMCTL32.dll
0x000007feff1a0000 - 0x000007feff211000 	C:\Windows\system32\SHLWAPI.dll
0x000007feff120000 - 0x000007feff14e000 	C:\Windows\system32\IMM32.DLL
0x000007fefd810000 - 0x000007fefd919000 	C:\Windows\system32\MSCTF.dll
0x000000005a490000 - 0x000000005a561000 	C:\Program Files\jmonkeyplatform\jdk\jre\bin\msvcr100.dll
0x000000005ae30000 - 0x000000005b54f000 	C:\Program Files\jmonkeyplatform\jdk\jre\bin\server\jvm.dll
0x000007fefc120000 - 0x000007fefc129000 	C:\Windows\system32\WSOCK32.dll
0x000007feff150000 - 0x000007feff19d000 	C:\Windows\system32\WS2_32.dll
0x000007fefdcd0000 - 0x000007fefdcd8000 	C:\Windows\system32\NSI.dll
0x000007fefb2b0000 - 0x000007fefb2eb000 	C:\Windows\system32\WINMM.dll
0x0000000077340000 - 0x0000000077347000 	C:\Windows\system32\PSAPI.DLL
0x0000000074980000 - 0x000000007498f000 	C:\Program Files\jmonkeyplatform\jdk\jre\bin\verify.dll
0x000000006ce00000 - 0x000000006ce28000 	C:\Program Files\jmonkeyplatform\jdk\jre\bin\java.dll
0x0000000074960000 - 0x0000000074975000 	C:\Program Files\jmonkeyplatform\jdk\jre\bin\zip.dll
0x00000000661f0000 - 0x0000000066383000 	C:\Program Files\jmonkeyplatform\jdk\jre\bin\awt.dll
0x000007fefdbf0000 - 0x000007fefdcc7000 	C:\Windows\system32\OLEAUT32.dll
0x000007fefd4a0000 - 0x000007fefd6a3000 	C:\Windows\system32\ole32.dll
0x000007fefb230000 - 0x000007fefb286000 	C:\Windows\system32\uxtheme.dll
0x000007fefaca0000 - 0x000007fefacb8000 	C:\Windows\system32\dwmapi.dll
0x000007fefcee0000 - 0x000007fefceef000 	C:\Windows\system32\CRYPTBASE.dll
0x000007fefe310000 - 0x000007feff098000 	C:\Windows\system32\SHELL32.dll
0x0000000069800000 - 0x0000000069834000 	C:\Program Files\jmonkeyplatform\jdk\jre\bin\fontmanager.dll
0x0000000073e70000 - 0x0000000073e89000 	C:\Program Files\jmonkeyplatform\jdk\jre\bin\net.dll
0x000007fefc760000 - 0x000007fefc7b5000 	C:\Windows\system32\mswsock.dll
0x000007fefc750000 - 0x000007fefc757000 	C:\Windows\System32\wship6.dll
0x000000006cd90000 - 0x000000006cda1000 	C:\Program Files\jmonkeyplatform\jdk\jre\bin\nio.dll
0x0000000010000000 - 0x0000000010065000 	C:\Program Files\WIDCOMM\Bluetooth Software\btmmhook.dll
0x00000000697b0000 - 0x00000000697f1000 	C:\Program Files\jmonkeyplatform\jdk\jre\bin\t2k.dll
0x0000000001cd0000 - 0x0000000001d01000 	C:\Program Files\WIDCOMM\Bluetooth Software\btkeyind.dll
0x0000000180000000 - 0x0000000180050000 	C:\CS3023Project3\CS3023Project3\lwjgl64.dll
0x000007fef0a80000 - 0x000007fef0b9d000 	C:\Windows\system32\OPENGL32.dll
0x000007fefad00000 - 0x000007fefad2d000 	C:\Windows\system32\GLU32.dll
0x000007fee8ae0000 - 0x000007fee8bd1000 	C:\Windows\system32\DDRAW.dll
0x000007fefb310000 - 0x000007fefb318000 	C:\Windows\system32\DCIMAN32.dll
0x000007feff2a0000 - 0x000007feff477000 	C:\Windows\system32\SETUPAPI.dll
0x000007fefd2b0000 - 0x000007fefd2e6000 	C:\Windows\system32\CFGMGR32.dll
0x000007fefd340000 - 0x000007fefd35a000 	C:\Windows\system32\DEVOBJ.dll
0x000007fefbe60000 - 0x000007fefbe6c000 	C:\Windows\system32\VERSION.dll
0x0000000010170000 - 0x0000000011364000 	C:\Windows\system32\ig4icd64.dll
0x000007fee5e00000 - 0x000007fee5e9c000 	C:\Windows\system32\mscms.dll
0x000007fefc260000 - 0x000007fefc27e000 	C:\Windows\system32\USERENV.dll
0x000007fefcf30000 - 0x000007fefcf3f000 	C:\Windows\system32\profapi.dll
0x000007fee8a90000 - 0x000007fee8ad2000 	C:\Windows\system32\icm32.dll
0x000000000b320000 - 0x000000000b384000 	C:\CS3023Project3\CS3023Project3\OpenAL64.dll
0x000007fefd400000 - 0x000007fefd499000 	C:\Windows\system32\CLBCatQ.DLL
0x000007fefb540000 - 0x000007fefb58b000 	C:\Windows\System32\MMDevApi.dll
0x000007fefb410000 - 0x000007fefb53c000 	C:\Windows\System32\PROPSYS.dll
0x000007fefb330000 - 0x000007fefb3b8000 	C:\Windows\system32\dsound.dll
0x000007fefb590000 - 0x000007fefb5bc000 	C:\Windows\system32\POWRPROF.dll
0x000007fefb1e0000 - 0x000007fefb22f000 	C:\Windows\system32\AUDIOSES.DLL
0x00000000660f0000 - 0x0000000066120000 	C:\Program Files\jmonkeyplatform\jdk\jre\bin\jpeg.dll
0x000000005dcf0000 - 0x000000005dd29000 	C:\Program Files\jmonkeyplatform\jdk\jre\bin\kcms.dll
0x000007fefc130000 - 0x000007fefc255000 	C:\Windows\system32\dbghelp.dll

VM Arguments:
jvm_args: -Dfile.encoding=UTF-8 
java_command: mygame.Main
Launcher Type: SUN_STANDARD

Environment Variables:
PATH=C:\Program Files (x86)\NVIDIA Corporation\PhysX\Common;C:\Ruby200\bin;C:\Program Files\Common Files\Microsoft Shared\Windows Live;C:\Program Files (x86)\Common Files\Microsoft Shared\Windows Live;C:\Windows\system32;C:\Windows;C:\Windows\System32\Wbem;C:\Windows\System32\WindowsPowerShell\v1.0\;C:\Program Files\Intel\WiFi\bin\;C:\Program Files\Common Files\Intel\WirelessCommon\;C:\Program Files\WIDCOMM\Bluetooth Software\;C:\Program Files\WIDCOMM\Bluetooth Software\syswow64;C:\Program Files (x86)\Common Files\Roxio Shared\DLLShared\;C:\Program Files (x86)\Common Files\Roxio Shared\DLLShared\;C:\Program Files (x86)\Common Files\Roxio Shared\12.0\DLLShared\;C:\Program Files (x86)\Hewlett-Packard\HP SimplePass Identity Protection\x64;C:\Program Files (x86)\Hewlett-Packard\HP SimplePass Identity Protection\;C:\Program Files (x86)\Windows Live\Shared;C:\Program Files (x86)\Git\bin\;C:\Python27\;C:\Python27\Scripts\;C:\MinGW\bin\;C:\Python26;C:\Program Files (x86)\GnuWin32;C:\Program Files (x86)\nodejs\;C:\Program Files (x86)\nodejs;C:\Program Files (x86)\QuickTime\QTSystem\;C:\Program Files (x86)\Microsoft Visual Studio 10.0;C:\Users\David\AppData\Roaming\npm
USERNAME=David
OS=Windows_NT
PROCESSOR_IDENTIFIER=Intel64 Family 6 Model 37 Stepping 5, GenuineIntel



---------------  S Y S T E M  ---------------

OS: Windows 7 , 64 bit Build 7601 Service Pack 1

CPU:total 4 (2 cores per cpu, 2 threads per core) family 6 model 37 stepping 5, cmov, cx8, fxsr, mmx, sse, sse2, sse3, ssse3, sse4.1, sse4.2, popcnt, ht, tsc, tscinvbit

Memory: 4k page, physical 8181616k(4172504k free), swap 16361368k(11516700k free)

vm_info: Java HotSpot(TM) 64-Bit Server VM (23.6-b04) for windows-amd64 JRE (1.7.0_11-b21), built on Jan 12 2013 02:38:42 by "java_re" with unknown MS VC++:1600

time: Wed Apr 16 14:25:06 2014
elapsed time: 29 seconds

